DICIONARIO 1 CRIADO
all
and
as
at
came
carrying
corners
courtiers
did
feet
first
flat
hands
like
next
oblong
ornamented
over
ten
the
their
these
three
two
walked
were
with
soldiers 2
clubs 1
velvet EXCLUIDA DE 1
ornamented INSERIDA EM 1
clubs EXCLUIDA DE 1
queen JA EXISTE EM 1
all
and
as
at
came
carrying
clubs
corners
courtiers
did
feet
first
flat
hands
like
next
oblong
over
ten
the
their
these
three
two
walked
were
with
soldiers 2
diamonds 1
gardeners 1
