DICIONARIO 1 CRIADO
DICIONARIO 2 CRIADO
a
all
an
and
are
at
be
because
been
begin
being
bit
but
butterfly
by
cant
caterpillar
changed
chrysalis
clearly
confusing
contemptuously
day
different
each
encouraging
for
found
got
hardly
have
havent
her
hookah
ii
in
into
is
isnt
it
its
just
languid
last
least
little
looked
many
may
me
mean
more
mouth
must
not
of
opening
other
out
perhaps
politely
put
queer
rather
see
several
should
since
sir
sizes
sleepy
so
some
sternly
that
the
then
this
time
times
to
took
turn
understand
up
very
was
well
what
when
will
with
wont
would
yet
youll
your
yourself
i 11
you 10
said 9
alice 6
know 4
a
addressed
afraid
after
all
an
and
are
at
be
because
been
begin
being
bit
but
by
cant
changed
chrysalis
clearly
confusing
contemptuously
day
different
do
dont
each
encouraging
explain
feel
feelings
for
found
got
hardly
have
havent
her
i
ii
im
in
into
is
isnt
it
its
just
know
last
least
little
looked
many
may
me
mean
more
must
myself
not
of
other
out
perhaps
politely
present
put
rather
replied
said
see
several
should
shyly
since
sir
sizes
so
some
sternly
that
the
then
think
this
times
to
took
turn
understand
up
very
voice
was
well
what
when
who
will
with
wont
would
yet
you
youll
your
yourself
caterpillar 8
